<?xml version="1.0" encoding="UTF-8" ?>
<testsuite errors="0" failures="0" hostname="airbears2-10-142-100-181.airbears2.1918.berkeley.edu" name="com.flatironschool.javacs.ListClientExampleTest" skipped="0" tests="1" time="0.076" timestamp="2016-04-04T07:09:08">
  <properties>
[...]
</properties>
  <testcase classname="com.flatironschool.javacs.ListClientExampleTest" name="testListClientExample" time="0.003" />
  <system-out><![CDATA[]]></system-out>
  <system-err><![CDATA[]]></system-err>
</testsuite>
